<?xml version="1.0" encoding="UTF-8"?>
<!-- Generated by org.testng.reporters.JUnitReportReporter -->
<testsuite skipped="0" hostname="WS0601575" name="talentwize.Test_FunctionalAccess_ED_Projects" tests="1" failures="0" timestamp="09 Jul 2019 10:48:17 GMT" time="118.225" errors="0">
  <testcase name="TT_841" time="118.225" classname="talentwize.Test_FunctionalAccess_ED_Projects"/>
</testsuite> <!-- talentwize.Test_FunctionalAccess_ED_Projects -->
