<?xml version="1.0" encoding="UTF-8"?>
<!-- Generated by org.testng.reporters.JUnitReportReporter -->
<testsuite skipped="0" hostname="WS0601575" name="talentwize.Test_FunctionalAcess_Administration_Configuration_CustomFields" tests="2" failures="0" timestamp="04 Jul 2019 09:35:08 GMT" time="228.156" errors="0">
  <testcase name="TT_197" time="112.066" classname="talentwize.Test_FunctionalAcess_Administration_Configuration_CustomFields"/>
  <testcase name="TT_196" time="116.090" classname="talentwize.Test_FunctionalAcess_Administration_Configuration_CustomFields"/>
</testsuite> <!-- talentwize.Test_FunctionalAcess_Administration_Configuration_CustomFields -->
