<?xml version="1.0" encoding="UTF-8"?>
<!-- Generated by org.testng.reporters.JUnitReportReporter -->
<testsuite skipped="0" hostname="WS0601575" name="talentwize.Test_FunctionalAccess_TrainingPermission_TrainingManagement" tests="1" failures="0" timestamp="08 Jul 2019 10:35:49 GMT" time="138.642" errors="0">
  <testcase name="TT_1142" time="138.642" classname="talentwize.Test_FunctionalAccess_TrainingPermission_TrainingManagement"/>
</testsuite> <!-- talentwize.Test_FunctionalAccess_TrainingPermission_TrainingManagement -->
