<?xml version="1.0" encoding="UTF-8"?>
<!-- Generated by org.testng.reporters.JUnitReportReporter -->
<testsuite skipped="0" hostname="WS0601575" name="talentwize.Test_FunctionalAccess_PilotView_PersonalDetails_EmergencyContact" tests="1" failures="0" timestamp="17 Jul 2019 07:59:02 GMT" time="132.234" errors="0">
  <testcase name="TT_1509" time="132.234" classname="talentwize.Test_FunctionalAccess_PilotView_PersonalDetails_EmergencyContact"/>
</testsuite> <!-- talentwize.Test_FunctionalAccess_PilotView_PersonalDetails_EmergencyContact -->
