<?xml version="1.0" encoding="UTF-8"?>
<!-- Generated by org.testng.reporters.JUnitReportReporter -->
<testsuite skipped="0" hostname="WS0601575" name="talentwize.Test_FunctionalAccess_TrainingPermission_TrainingSettings" tests="1" failures="0" timestamp="09 Jul 2019 03:55:56 GMT" time="108.771" errors="0">
  <testcase name="TT_1189" time="108.771" classname="talentwize.Test_FunctionalAccess_TrainingPermission_TrainingSettings"/>
</testsuite> <!-- talentwize.Test_FunctionalAccess_TrainingPermission_TrainingSettings -->
