<?xml version="1.0" encoding="UTF-8"?>
<!-- Generated by org.testng.reporters.JUnitReportReporter -->
<testsuite skipped="0" hostname="WS0601575" name="talentwize.Test_FunctionalAccess_TrainingPermission_Programs" tests="1" failures="0" timestamp="08 Jul 2019 10:18:02 GMT" time="132.072" errors="0">
  <testcase name="TT_1169" time="132.072" classname="talentwize.Test_FunctionalAccess_TrainingPermission_Programs"/>
</testsuite> <!-- talentwize.Test_FunctionalAccess_TrainingPermission_Programs -->
