<?xml version="1.0" encoding="UTF-8"?>
<!-- Generated by org.testng.reporters.JUnitReportReporter -->
<testsuite skipped="0" hostname="WS0601575" name="talentwize.Test_FunctionalAccess_MyED_MyAssets" tests="1" failures="0" timestamp="04 Jul 2019 10:21:37 GMT" time="94.326" errors="0">
  <testcase name="TT_1467" time="94.326" classname="talentwize.Test_FunctionalAccess_MyED_MyAssets"/>
</testsuite> <!-- talentwize.Test_FunctionalAccess_MyED_MyAssets -->
