<?xml version="1.0" encoding="UTF-8"?>
<!-- Generated by org.testng.reporters.JUnitReportReporter -->
<testsuite skipped="0" hostname="WS0601575" name="talentwize.Test_FunctionalAccess_Leave_MyRequestList" tests="1" failures="0" timestamp="04 Jul 2019 09:44:59 GMT" time="100.799" errors="0">
  <testcase name="TT_1179" time="100.799" classname="talentwize.Test_FunctionalAccess_Leave_MyRequestList"/>
</testsuite> <!-- talentwize.Test_FunctionalAccess_Leave_MyRequestList -->
