<?xml version="1.0" encoding="UTF-8"?>
<!-- Generated by org.testng.reporters.JUnitReportReporter -->
<testsuite skipped="0" hostname="WS0601575" name="talentwize.Test_FunctionalAccess_PerformancePermission_KPI_MyKPI" tests="1" failures="0" timestamp="08 Jul 2019 04:49:06 GMT" time="103.164" errors="0">
  <testcase name="TT_1150" time="103.164" classname="talentwize.Test_FunctionalAccess_PerformancePermission_KPI_MyKPI"/>
</testsuite> <!-- talentwize.Test_FunctionalAccess_PerformancePermission_KPI_MyKPI -->
