<?xml version="1.0" encoding="UTF-8"?>
<!-- Generated by org.testng.reporters.JUnitReportReporter -->
<testsuite skipped="0" hostname="WS0601575" name="talentwize.Test_FunctionalAccess_MasterScheduling_SchedulingBoard" tests="1" failures="0" timestamp="08 Jul 2019 04:23:29 GMT" time="119.497" errors="0">
  <testcase name="TT_1209" time="119.497" classname="talentwize.Test_FunctionalAccess_MasterScheduling_SchedulingBoard"/>
</testsuite> <!-- talentwize.Test_FunctionalAccess_MasterScheduling_SchedulingBoard -->
