<?xml version="1.0" encoding="UTF-8"?>
<!-- Generated by org.testng.reporters.JUnitReportReporter -->
<testsuite skipped="0" hostname="WS0601575" name="talentwize.Test_FunctionalAccess_MyED_MyEmployment" tests="1" failures="0" timestamp="08 Jul 2019 10:49:57 GMT" time="108.131" errors="0">
  <testcase name="TT_1475" time="108.131" classname="talentwize.Test_FunctionalAccess_MyED_MyEmployment"/>
</testsuite> <!-- talentwize.Test_FunctionalAccess_MyED_MyEmployment -->
