<?xml version="1.0" encoding="UTF-8"?>
<!-- Generated by org.testng.reporters.JUnitReportReporter -->
<testsuite skipped="0" hostname="WS0601575" name="talentwize.Test_FunctionalAccess_TalentPermission_Competency_CompetencyBoard" tests="1" failures="0" timestamp="04 Jul 2019 03:17:14 GMT" time="106.982" errors="0">
  <testcase name="TT_1047" time="106.982" classname="talentwize.Test_FunctionalAccess_TalentPermission_Competency_CompetencyBoard"/>
</testsuite> <!-- talentwize.Test_FunctionalAccess_TalentPermission_Competency_CompetencyBoard -->
