<?xml version="1.0" encoding="UTF-8"?>
<!-- Generated by org.testng.reporters.JUnitReportReporter -->
<testsuite skipped="0" hostname="WS0601575" name="talentwize.Test_FunctionalAcessAdministration_Organization_JobTitle" tests="1" failures="0" timestamp="04 Jul 2019 03:05:53 GMT" time="142.716" errors="0">
  <testcase name="TT_163" time="142.716" classname="talentwize.Test_FunctionalAcessAdministration_Organization_JobTitle"/>
</testsuite> <!-- talentwize.Test_FunctionalAcessAdministration_Organization_JobTitle -->
