<?xml version="1.0" encoding="UTF-8"?>
<!-- Generated by org.testng.reporters.JUnitReportReporter -->
<testsuite skipped="0" hostname="WS0601575" name="talentwize.Test_FunctionalAccess_Performance_KPISettings" tests="1" failures="0" timestamp="05 Jul 2019 08:28:56 GMT" time="164.875" errors="0">
  <testcase name="TT_1041" time="164.875" classname="talentwize.Test_FunctionalAccess_Performance_KPISettings"/>
</testsuite> <!-- talentwize.Test_FunctionalAccess_Performance_KPISettings -->
