<?xml version="1.0" encoding="UTF-8"?>
<!-- Generated by org.testng.reporters.JUnitReportReporter -->
<testsuite skipped="0" hostname="WS0601575" name="talentwize.Test_FunctionalAccess_MyED_MyDocument" tests="1" failures="0" timestamp="17 Jul 2019 02:27:30 GMT" time="111.398" errors="0">
  <testcase name="TT_3607" time="111.398" classname="talentwize.Test_FunctionalAccess_MyED_MyDocument"/>
</testsuite> <!-- talentwize.Test_FunctionalAccess_MyED_MyDocument -->
