<?xml version="1.0" encoding="UTF-8"?>
<!-- Generated by org.testng.reporters.JUnitReportReporter -->
<testsuite skipped="0" hostname="WS0601575" name="talentwize.Test_FunctionalAccess_ProjectManagementPermission_TargetVolume" tests="1" failures="0" timestamp="09 Jul 2019 10:57:04 GMT" time="152.011" errors="0">
  <testcase name="TT_971" time="152.011" classname="talentwize.Test_FunctionalAccess_ProjectManagementPermission_TargetVolume"/>
</testsuite> <!-- talentwize.Test_FunctionalAccess_ProjectManagementPermission_TargetVolume -->
