<?xml version="1.0" encoding="UTF-8"?>
<!-- Generated by org.testng.reporters.JUnitReportReporter -->
<testsuite skipped="0" hostname="WS0601575" name="talentwize.Test_FunctionalAccess_MyED_MyTasks" tests="1" failures="0" timestamp="17 Jul 2019 03:12:30 GMT" time="108.525" errors="0">
  <testcase name="TT_1481" time="108.525" classname="talentwize.Test_FunctionalAccess_MyED_MyTasks"/>
</testsuite> <!-- talentwize.Test_FunctionalAccess_MyED_MyTasks -->
