<?xml version="1.0" encoding="UTF-8"?>
<!-- Generated by org.testng.reporters.JUnitReportReporter -->
<testsuite skipped="0" hostname="WS0601575" name="talentwize.Test_FunctionalAccess_ReportPermission_TimesheetReport" tests="1" failures="0" timestamp="08 Jul 2019 03:58:56 GMT" time="104.364" errors="0">
  <testcase name="TT_1248" time="104.364" classname="talentwize.Test_FunctionalAccess_ReportPermission_TimesheetReport"/>
</testsuite> <!-- talentwize.Test_FunctionalAccess_ReportPermission_TimesheetReport -->
