<?xml version="1.0" encoding="UTF-8"?>
<!-- Generated by org.testng.reporters.JUnitReportReporter -->
<testsuite skipped="0" hostname="WS0601575" name="talentwize.Test_FunctionalAccess_ProjectManagementPermission_ProjectDetail_ImportMembertoProject" tests="1" failures="0" timestamp="08 Jul 2019 04:31:02 GMT" time="111.505" errors="0">
  <testcase name="TT_980" time="111.505" classname="talentwize.Test_FunctionalAccess_ProjectManagementPermission_ProjectDetail_ImportMembertoProject"/>
</testsuite> <!-- talentwize.Test_FunctionalAccess_ProjectManagementPermission_ProjectDetail_ImportMembertoProject -->
