<?xml version="1.0" encoding="UTF-8"?>
<!-- Generated by org.testng.reporters.JUnitReportReporter -->
<testsuite skipped="0" hostname="WS0601575" name="talentwize.Test_FunctionalAccess_ProjectManagementPermission_ProjectBoard" tests="1" failures="0" timestamp="10 Jul 2019 08:01:36 GMT" time="121.699" errors="0">
  <testcase name="TT_976" time="121.699" classname="talentwize.Test_FunctionalAccess_ProjectManagementPermission_ProjectBoard"/>
</testsuite> <!-- talentwize.Test_FunctionalAccess_ProjectManagementPermission_ProjectBoard -->
