<?xml version="1.0" encoding="UTF-8"?>
<!-- Generated by org.testng.reporters.JUnitReportReporter -->
<testsuite skipped="0" hostname="WS0601575" name="talentwize.Test_FunctionalAccess_MyED_MySkill" tests="1" failures="0" timestamp="08 Jul 2019 03:37:38 GMT" time="106.775" errors="0">
  <testcase name="TT_3609" time="106.775" classname="talentwize.Test_FunctionalAccess_MyED_MySkill"/>
</testsuite> <!-- talentwize.Test_FunctionalAccess_MyED_MySkill -->
